<?xml version="1.0" encoding="UTF-8"?>
<!-- Generated by org.testng.reporters.JUnitReportReporter -->
<testsuite hostname="LAPTOP-NN67RO91" name="RestAssured.REST.LocalHostApiTesting" tests="4" failures="0" timestamp="21 Mar 2022 10:14:12 GMT" time="1.638" errors="0">
  <testcase name="update" time="0.040" classname="RestAssured.REST.LocalHostApiTesting"/>
  <testcase name="getafteredit" time="0.012" classname="RestAssured.REST.LocalHostApiTesting"/>
  <testcase name="CreateUser" time="1.539" classname="RestAssured.REST.LocalHostApiTesting"/>
  <testcase name="delete" time="0.047" classname="RestAssured.REST.LocalHostApiTesting"/>
</testsuite> <!-- RestAssured.REST.LocalHostApiTesting -->
