<?xml version="1.0" encoding="UTF-8"?>
<!-- Generated by org.testng.reporters.JUnitReportReporter -->
<testsuite hostname="LAPTOP-NN67RO91" name="RestAssured.REST.RestAssured" tests="5" failures="0" timestamp="21 Mar 2022 09:51:47 GMT" time="7.704" errors="0">
  <testcase name="logout" time="1.301" classname="RestAssured.REST.RestAssured"/>
  <testcase name="delete" time="1.329" classname="RestAssured.REST.RestAssured"/>
  <testcase name="login" time="1.304" classname="RestAssured.REST.RestAssured"/>
  <testcase name="update" time="1.254" classname="RestAssured.REST.RestAssured"/>
  <testcase name="CreateUser" time="2.516" classname="RestAssured.REST.RestAssured"/>
</testsuite> <!-- RestAssured.REST.RestAssured -->
